This file contains any messages produced by compilers while
running configure, to aid debugging if configure makes a mistake.

configure:596: checking host system type
configure:617: checking target system type
configure:635: checking build system type
configure:670: checking for a BSD compatible install
configure:723: checking whether build environment is sane
configure:780: checking whether make sets ${MAKE}
configure:826: checking for working aclocal
configure:839: checking for working autoconf
configure:852: checking for working automake
configure:865: checking for working autoheader
configure:878: checking for working makeinfo
configure:964: checking for ranlib
configure:994: checking for gcc
configure:1107: checking whether the C compiler (gcc -g -O2 -W -Wall ) works
configure:1123: gcc -o conftest -g -O2 -W -Wall   conftest.c  1>&5
configure:1120: warning: return type defaults to 'int'
configure:1149: checking whether the C compiler (gcc -g -O2 -W -Wall ) is a cross-compiler
configure:1154: checking whether we are using GNU C
configure:1182: checking whether gcc accepts -g
configure:1225: checking for ld used by GCC
configure:1288: checking if the linker (/usr/bin/ld) is GNU ld
configure:1304: checking for BSD-compatible nm
configure:1342: checking command to parse /usr/bin/nm -B output
configure:1507: checking for _ prefix in compiled symbols
configure:1545: checking whether ln -s works
ltconfig:586: checking for object suffix
ltconfig:587: gcc -c -g -O2 -W -Wall  conftest.c 1>&5
ltconfig:717: checking if gcc PIC flag -fPIC works
ltconfig:718: gcc -c -g -O2 -W -Wall -fPIC -DPIC  conftest.c 1>&5
ltconfig:760: checking if gcc supports -c -o file.o
ltconfig:761: gcc -c -g -O2 -W -Wall -c -o conftest2.o  conftest.c 1>&5
ltconfig:788: checking if gcc supports -c -o file.lo
ltconfig:789: gcc -c -g -O2 -W -Wall -c -o conftest.lo  conftest.c 1>&5
ltconfig:840: checking if gcc supports -fno-rtti -fno-exceptions
ltconfig:841: gcc -c -g -O2 -W -Wall -fno-rtti -fno-exceptions -c conftest.c  conftest.c 1>&5
ltconfig:884: checking if gcc static flag -static works
ltconfig:885: gcc -o conftest -g -O2 -W -Wall   -static conftest.c  1>&5
conftest.c:1: warning: return type defaults to 'int'
GNU ld (GNU Binutils for Debian) 2.18.0.20080103
ltconfig:1447: checking if global_symbol_pipe works
ltconfig:1448: gcc -c -g -O2 -W -Wall  conftest.c 1>&5
conftest.c:9: warning: return type defaults to 'int'
ltconfig:1451: eval "/usr/bin/nm -B conftest.o | sed -n -e 's/^.*[ 	]\([ABCDGISTW]\)[ 	][ 	]*\(\)\([_A-Za-z][_A-Za-z0-9]*\)$/\1 \2\3 \3/p' > conftest.nm"
ltconfig:1503: gcc -o conftest -g -O2 -W -Wall -fno-builtin   conftest.c conftestm.o 1>&5
conftest.c:6: warning: 'main' is usually a function
configure:2681: checking for gcc
configure:2794: checking whether the C compiler (gcc -g -O2 -W -Wall ) works
configure:2810: gcc -o conftest -g -O2 -W -Wall   conftest.c  1>&5
configure:2807: warning: return type defaults to 'int'
configure:2836: checking whether the C compiler (gcc -g -O2 -W -Wall ) is a cross-compiler
configure:2841: checking whether we are using GNU C
configure:2869: checking whether gcc accepts -g
configure:2906: checking for bison
configure:2937: checking how to run the C preprocessor
configure:3022: checking for flex
configure:3055: checking for flex
configure:3089: checking for yywrap in -lfl
configure:3131: checking lex output file root
configure:3152: checking whether yytext is a pointer
configure:3195: checking for POSIXized ISC
configure:3216: checking for ANSI C header files
configure:3320: checking for working const
configure:3395: checking for inline
configure:3435: checking for off_t
configure:3468: checking for size_t
configure:3503: checking for working alloca.h
configure:3536: checking for alloca
configure:3738: checking for unistd.h
configure:3777: checking for getpagesize
configure:3830: checking for working mmap
configure:4006: checking for argz.h
configure:4006: checking for limits.h
configure:4006: checking for locale.h
configure:4006: checking for nl_types.h
configure:4006: checking for malloc.h
configure:4006: checking for string.h
configure:4006: checking for unistd.h
configure:4006: checking for values.h
configure:4006: checking for sys/param.h
configure:4046: checking for getcwd
configure:4046: checking for munmap
configure:4046: checking for putenv
configure:4046: checking for setenv
configure:4046: checking for setlocale
configure:4046: checking for strchr
configure:4046: checking for strcasecmp
configure:4046: checking for __argz_count
configure:4046: checking for __argz_stringify
configure:4046: checking for __argz_next
configure:4165: checking for LC_MESSAGES
configure:4198: checking whether NLS is requested
configure:4218: checking whether included gettext is requested
configure:4237: checking for libintl.h
configure:4264: checking for gettext in libc
configure:4367: checking for msgfmt
configure:4401: checking for dcgettext
configure:4456: checking for gmsgfmt
configure:4492: checking for xgettext
configure:4532: gcc -o conftest -g -O2 -W -Wall   conftest.c  1>&5
configure:4825: checking whether to enable maintainer-specific portions of Makefiles
configure:4848: checking for Cygwin environment
configure:4881: checking for mingw32 environment
configure:4912: checking for executable suffix
configure:4947: checking for string.h
configure:4947: checking for stdlib.h
configure:4947: checking for memory.h
configure:4947: checking for strings.h
configure:4947: checking for unistd.h
configure:4947: checking for stdarg.h
configure:4947: checking for varargs.h
configure:4947: checking for errno.h
configure:4947: checking for sys/types.h
configure:4987: checking whether compiling a cross-assembler
configure:5002: checking for working alloca.h
configure:5035: checking for alloca
configure:5234: checking for inline
configure:5278: checking for unlink
configure:5335: checking for sbrk
configure:5392: checking for working assert macro
configure:5454: checking whether declaration is required for strstr
configure:5491: checking whether declaration is required for malloc
configure:5528: checking whether declaration is required for free
configure:5565: checking whether declaration is required for sbrk
configure:5602: checking whether declaration is required for environ
configure:5642: checking whether declaration is required for errno
